============================================================
  AutoMailer Session Log
  Started : 2026-03-30 20:58:16
============================================================

[20:58:16] 📂 Selected file : pending/Untitled spreadsheet - Sheet1.csv
[20:58:16] 📋 Total rows : 3  |  Pending : 3

[20:58:16] 🔐 Logged in to Gmail SMTP successfully.
[20:58:18]   ✅ SENT     | recruiter_1mg | test_1mg Comp | sayak.mondal@1mg.com
[20:58:24]   ✅ SENT     | recruiter_test | test_personal comp | sayak.business@gmail.com
[20:58:30]   ✅ SENT     | Shubhi | Qualcomm | arora.shubhi0565@gmail.com
[20:58:35] 
========================================
[20:58:35]   ✅ Sent    : 3
[20:58:35]   ⏭️  Skipped : 0
[20:58:35]   ❌ Failed  : 0
[20:58:35] ========================================
[20:58:35] 📁 Archived 'pending/Untitled spreadsheet - Sheet1.csv' → 'sent/Untitled spreadsheet - Sheet1.csv'

============================================================
  Session Summary
  CSV file  : pending/Untitled spreadsheet - Sheet1.csv
  ✅ Sent   : 3
  ⏭️  Skipped : 0
  ❌ Failed : 0
  Archived  : Yes → sent/
  Duration  : 0:00:18
  Ended     : 2026-03-30 20:58:35
============================================================

