============================================================
  AutoMailer Session Log
  Started : 2026-03-30 20:32:40
============================================================

[20:32:40] 📂 Selected file : pending/Untitled spreadsheet - Sheet1.csv
[20:32:40] 📋 Total rows : 3  |  Pending : 3

[20:32:41] 🔐 Logged in to Gmail SMTP successfully.
[20:32:43]   ✅ SENT     | recruiter_1mg | test_1mg Comp | sayak.mondal@1mg.com
[20:33:05]   ✅ SENT     | recruiter_test | test_personal comp | sayak.business@gmail.com
[20:33:11]   ✅ SENT     | Shubhi | Qualcomm | arora.shubhi0565@gmail.com
[20:33:16] 
========================================
[20:33:16]   ✅ Sent    : 3
[20:33:16]   ⏭️  Skipped : 0
[20:33:16]   ❌ Failed  : 0
[20:33:16] ========================================
[20:33:16] 📁 Archived 'pending/Untitled spreadsheet - Sheet1.csv' → 'sent/Untitled spreadsheet - Sheet1.csv'

============================================================
  Session Summary
  CSV file  : pending/Untitled spreadsheet - Sheet1.csv
  ✅ Sent   : 3
  ⏭️  Skipped : 0
  ❌ Failed : 0
  Archived  : Yes → sent/
  Duration  : 0:00:36
  Ended     : 2026-03-30 20:33:16
============================================================

