============================================================
  AutoMailer Session Log
  Started : 2026-03-30 10:28:47
============================================================

[10:28:47] 📂 Selected file : pending/Untitled spreadsheet - Sheet1.csv
[10:28:47] 📋 Total rows : 2  |  Pending : 2

[10:28:48] 🔐 Logged in to Gmail SMTP successfully.
[10:28:49]   ✅ SENT     | recruiter_1mg | test_1mg Comp | sayak.mondal@1mg.com
[10:28:56]   ✅ SENT     | recruiter_test | test_personal comp | sayak.business@gmail.com
[10:29:01] 
========================================
[10:29:01]   ✅ Sent    : 2
[10:29:01]   ⏭️  Skipped : 0
[10:29:01]   ❌ Failed  : 0
[10:29:01] ========================================
[10:29:01] 📁 Archived 'pending/Untitled spreadsheet - Sheet1.csv' → 'sent/Untitled spreadsheet - Sheet1.csv'

============================================================
  Session Summary
  CSV file  : pending/Untitled spreadsheet - Sheet1.csv
  ✅ Sent   : 2
  ⏭️  Skipped : 0
  ❌ Failed : 0
  Archived  : Yes → sent/
  Duration  : 0:00:13
  Ended     : 2026-03-30 10:29:01
============================================================

